[2026-04-10T22:14:41Z] === ENRICH ITERATION 1 START | repo=huggingface/sentence-transformers sha=fe936121 ===
[2026-04-10T22:14:41Z] [iter=1] PHASE START: enrich repo=huggingface/sentence-transformers sha=fe936121 runlog=/home/runner/work/forx/forx/storage/aggregate/lsp/logs/fe936121-enrich-iter-001.log output=/home/runner/work/forx/forx/storage/aggregate/lsp/fe9361218c10b2ee18f497d73863788a6b592210.nq.gz
[2026-04-10T22:14:53Z] [iter=1] Step 1: Loading AST into disk-backed store mem_mb=78 MB
[2026-04-10T22:15:20Z] [iter=1] AST store loaded triples=3044398 load_secs=25 mem_mb=1032 MB
[2026-04-10T22:15:20Z] [iter=1] Step 2: Finding LSP targets mem_mb=1032 MB
[2026-04-10T22:15:26Z] [iter=1] LSP targets found call_sites=19599 imports=3054 extends=164 implements=0 secs=6
[2026-04-10T22:15:31Z] [iter=1] Step 2.7: Building position index (one-shot, shared across resolvers) mem_mb=1032 MB
[2026-04-10T22:15:51Z] [iter=1] Position index built positions=208261 nodes_with_types=272304 secs=20 mem_mb=1032 MB
[2026-04-10T22:15:51Z] [iter=1] Step 3: Starting LSP resolution mem_mb=1032 MB already_completed_types=[] already_completed_files=0
[2026-04-10T22:15:51Z] [iter=1] Resolving target type target_type=call_site count=19599
[2026-04-10T22:15:52Z] [iter=1] HEARTBEAT target_type=call_site elapsed_min=1.2 files_done=0 resolved=0 errors=0 current=sentence_transformers/base/modules/transformer.py
[2026-04-10T22:19:54Z] [iter=1] HEARTBEAT target_type=call_site elapsed_min=5.2 files_done=1 resolved=127 errors=147 current=tests/sentence_transformer/test_multi_process.py
[2026-04-10T22:20:56Z] [iter=1] HEARTBEAT target_type=call_site elapsed_min=6.2 files_done=2 resolved=187 errors=191 current=sentence_transformers/sentence_transformer/losses/batch_hard_triplet.py
[2026-04-10T22:21:32Z] [iter=1] HEARTBEAT target_type=call_site elapsed_min=6.9 files_done=3 resolved=198 errors=221 current=examples/sentence_transformer/applications/retrieve_rerank/in_document_search_crossencoder.py
[2026-04-10T22:22:36Z] [iter=1] HEARTBEAT target_type=call_site elapsed_min=7.9 files_done=5 resolved=241 errors=272 current=tests/cross_encoder/test_backends.py
[2026-04-10T22:23:13Z] [iter=1] HEARTBEAT target_type=call_site elapsed_min=8.5 files_done=6 resolved=258 errors=302 current=sentence_transformers/sentence_transformer/datasets/sentence_label.py
[2026-04-10T22:24:43Z] [iter=1] HEARTBEAT target_type=call_site elapsed_min=10.0 files_done=8 resolved=333 errors=370 current=examples/sparse_encoder/applications/semantic_search/semantic_search_opensearch.py
[2026-04-10T22:25:21Z] [iter=1] HEARTBEAT target_type=call_site elapsed_min=10.7 files_done=10 resolved=381 errors=401 current=sentence_transformers/base/trainer.py
[2026-04-10T22:28:09Z] [iter=1] HEARTBEAT target_type=call_site elapsed_min=13.5 files_done=11 resolved=521 errors=529 current=sentence_transformers/cross_encoder/evaluation/nano_beir.py
[2026-04-10T22:28:53Z] [iter=1] HEARTBEAT target_type=call_site elapsed_min=14.2 files_done=12 resolved=556 errors=564 current=sentence_transformers/cross_encoder/modules/logit_score.py
[2026-04-10T22:29:42Z] [iter=1] HEARTBEAT target_type=call_site elapsed_min=15.0 files_done=16 resolved=644 errors=604 current=sentence_transformers/base/modality.py
[2026-04-10T22:31:03Z] [iter=1] HEARTBEAT target_type=call_site elapsed_min=16.4 files_done=17 resolved=720 errors=670 current=sentence_transformers/sentence_transformer/losses/cached_gist_embed.py
[2026-04-10T22:32:18Z] [iter=1] HEARTBEAT target_type=call_site elapsed_min=17.6 files_done=18 resolved=768 errors=732 current=examples/sentence_transformer/applications/semantic-search/semantic_search_publications.py
[2026-04-10T22:38:32Z] [iter=1] HEARTBEAT target_type=call_site elapsed_min=23.8 files_done=20 resolved=881 errors=1038 current=examples/sparse_encoder/training/peft/train_splade_gooaq_peft.py
[2026-04-10T22:39:25Z] [iter=1] HEARTBEAT target_type=call_site elapsed_min=24.7 files_done=22 resolved=915 errors=1082 current=sentence_transformers/sentence_transformer/fit_mixin.py
[2026-04-10T22:41:06Z] [iter=1] HEARTBEAT target_type=call_site elapsed_min=26.4 files_done=23 resolved=1006 errors=1164 current=sentence_transformers/util/hard_negatives.py
[2026-04-10T22:43:25Z] [iter=1] HEARTBEAT target_type=call_site elapsed_min=28.7 files_done=24 resolved=1158 errors=1277 current=sentence_transformers/base/modules/dense.py
[2026-04-10T22:44:07Z] [iter=1] HEARTBEAT target_type=call_site elapsed_min=29.4 files_done=26 resolved=1212 errors=1311 current=sentence_transformers/sentence_transformer/losses/contrastive_tension.py
[2026-04-10T22:44:53Z] [iter=1] HEARTBEAT target_type=call_site elapsed_min=30.2 files_done=28 resolved=1273 errors=1349 current=tests/sparse_encoder/test_model.py
[2026-04-10T22:47:40Z] [iter=1] HEARTBEAT target_type=call_site elapsed_min=33.0 files_done=29 resolved=1383 errors=1486 current=tests/sparse_encoder/test_multi_process.py
[2026-04-10T22:48:25Z] [iter=1] HEARTBEAT target_type=call_site elapsed_min=33.7 files_done=30 resolved=1427 errors=1523 current=sentence_transformers/sentence_transformer/evaluation/binary_classification.py
[2026-04-10T22:49:14Z] [iter=1] HEARTBEAT target_type=call_site elapsed_min=34.6 files_done=31 resolved=1466 errors=1564 current=sentence_transformers/sentence_transformer/evaluation/information_retrieval.py
[2026-04-10T22:50:23Z] [iter=1] HEARTBEAT target_type=call_site elapsed_min=35.7 files_done=32 resolved=1547 errors=1620 current=sentence_transformers/sentence_transformer/model.py
[2026-04-10T22:51:44Z] [iter=1] HEARTBEAT target_type=call_site elapsed_min=37.0 files_done=33 resolved=1635 errors=1686 current=sentence_transformers/sentence_transformer/datasets/parallel_sentences.py
[2026-04-10T22:54:37Z] [iter=1] HEARTBEAT target_type=call_site elapsed_min=39.9 files_done=35 resolved=1742 errors=1800 current=examples/sentence_transformer/training/nli/training_nli_v3.py
[2026-04-10T22:59:24Z] [iter=1] HEARTBEAT target_type=call_site elapsed_min=44.7 files_done=37 resolved=1840 errors=2037 current=sentence_transformers/cross_encoder/losses/lambda_loss.py
[2026-04-10T23:00:16Z] [iter=1] HEARTBEAT target_type=call_site elapsed_min=45.6 files_done=39 resolved=1909 errors=2080 current=examples/sentence_transformer/evaluation/evaluation_no_dup_batch_sampler_speed.py
[2026-04-10T23:01:53Z] [iter=1] HEARTBEAT target_type=call_site elapsed_min=47.2 files_done=40 resolved=1961 errors=2159 current=examples/sentence_transformer/training/ms_marco/train_bi_encoder_mnrl.py
[2026-04-10T23:02:46Z] [iter=1] HEARTBEAT target_type=call_site elapsed_min=48.1 files_done=41 resolved=2014 errors=2203 current=tests/base/modules/test_transformer.py
[2026-04-10T23:08:50Z] [iter=1] HEARTBEAT target_type=call_site elapsed_min=54.1 files_done=42 resolved=2159 errors=2455 current=examples/sentence_transformer/training/quora_duplicate_questions/create_splits.py
[2026-04-10T23:10:24Z] [iter=1] HEARTBEAT target_type=call_site elapsed_min=55.7 files_done=43 resolved=2272 errors=2532 current=examples/sentence_transformer/applications/parallel-sentence-mining/bucc2018.py
[2026-04-10T23:11:09Z] [iter=1] HEARTBEAT target_type=call_site elapsed_min=56.5 files_done=44 resolved=2334 errors=2569 current=sentence_transformers/sentence_transformer/evaluation/triplet.py
[2026-04-10T23:11:52Z] [iter=1] HEARTBEAT target_type=call_site elapsed_min=57.2 files_done=45 resolved=2359 errors=2604 current=sentence_transformers/util/decorators.py
[2026-04-10T23:12:25Z] [iter=1] HEARTBEAT target_type=call_site elapsed_min=57.7 files_done=46 resolved=2368 errors=2631 current=tests/util/test_hard_negatives.py
[2026-04-10T23:14:11Z] [iter=1] HEARTBEAT target_type=call_site elapsed_min=59.5 files_done=47 resolved=2466 errors=2718 current=tests/base/modules/transformer/update_transformers_tiny_models.py
[2026-04-10T23:15:39Z] [iter=1] HEARTBEAT target_type=call_site elapsed_min=61.0 files_done=49 resolved=2558 errors=2790 current=sentence_transformers/util/quantization.py
[2026-04-10T23:16:28Z] [iter=1] HEARTBEAT target_type=call_site elapsed_min=61.8 files_done=51 resolved=2629 errors=2830 current=examples/sentence_transformer/training/quora_duplicate_questions/training_online_contrastive_loss.py
[2026-04-10T23:17:26Z] [iter=1] HEARTBEAT target_type=call_site elapsed_min=62.7 files_done=53 resolved=2666 errors=2877 current=examples/sentence_transformer/training/data_augmentation/train_sts_indomain_bm25.py
[2026-04-10T23:18:02Z] [iter=1] HEARTBEAT target_type=call_site elapsed_min=63.3 files_done=54 resolved=2701 errors=2907 current=examples/sentence_transformer/unsupervised_learning/CT/train_ct_from_file.py
[2026-04-10T23:19:01Z] [iter=1] HEARTBEAT target_type=call_site elapsed_min=64.3 files_done=56 resolved=2747 errors=2956 current=sentence_transformers/sentence_transformer/losses/cached_multiple_negatives_ranking.py
[2026-04-10T23:20:20Z] [iter=1] HEARTBEAT target_type=call_site elapsed_min=65.7 files_done=57 resolved=2820 errors=3021 current=sentence_transformers/cross_encoder/model_card.py
[2026-04-10T23:23:39Z] [iter=1] HEARTBEAT target_type=call_site elapsed_min=69.0 files_done=60 resolved=2940 errors=3184 current=examples/cross_encoder/training/ms_marco/training_ms_marco_bce_preprocessed.py
[2026-04-10T23:24:42Z] [iter=1] HEARTBEAT target_type=call_site elapsed_min=70.0 files_done=62 resolved=3056 errors=3235 current=tests/sentence_transformer/test_trainer.py
[2026-04-10T23:27:31Z] [iter=1] HEARTBEAT target_type=call_site elapsed_min=72.8 files_done=63 resolved=3141 errors=3374 current=examples/sentence_transformer/unsupervised_learning/TSDAE/train_askubuntu_tsdae.py
[2026-04-10T23:28:01Z] [iter=1] HEARTBEAT target_type=call_site elapsed_min=73.3 files_done=64 resolved=3160 errors=3398 current=tests/base/test_model_card.py
[2026-04-10T23:33:17Z] [iter=1] HEARTBEAT target_type=call_site elapsed_min=78.6 files_done=65 resolved=3288 errors=3658 current=examples/sentence_transformer/training/data_augmentation/train_sts_seed_optimization.py
[2026-04-10T23:34:00Z] [iter=1] HEARTBEAT target_type=call_site elapsed_min=79.3 files_done=67 resolved=3320 errors=3694 current=examples/sentence_transformer/training/multilingual/get_parallel_data_wikimatrix.py
[2026-04-10T23:36:14Z] [iter=1] HEARTBEAT target_type=call_site elapsed_min=81.5 files_done=69 resolved=3427 errors=3804 current=sentence_transformers/sentence_transformer/evaluation/embedding_similarity.py
[2026-04-10T23:37:02Z] [iter=1] HEARTBEAT target_type=call_site elapsed_min=82.3 files_done=70 resolved=3452 errors=3832 current=tests/base/samplers/test_no_duplicates_batch_sampler.py
[2026-04-10T23:37:42Z] [iter=1] HEARTBEAT target_type=call_site elapsed_min=83.0 files_done=71 resolved=3505 errors=3865 current=examples/cross_encoder/training/ms_marco/training_ms_marco_cmnrl.py
[2026-04-10T23:43:28Z] [iter=1] HEARTBEAT target_type=call_site elapsed_min=88.8 files_done=73 resolved=3899 errors=4142 current=sentence_transformers/sentence_transformer/losses/batch_hard_soft_margin_triplet.py
[2026-04-10T23:44:36Z] [iter=1] HEARTBEAT target_type=call_site elapsed_min=89.9 files_done=76 resolved=3963 errors=4198 current=sentence_transformers/sentence_transformer/evaluation/nano_beir.py
[2026-04-10T23:45:48Z] [iter=1] HEARTBEAT target_type=call_site elapsed_min=91.1 files_done=77 resolved=4016 errors=4258 current=examples/sentence_transformer/unsupervised_learning/CT_In-Batch_Negatives/train_ct_improved_from_file.py
[2026-04-10T23:46:19Z] [iter=1] HEARTBEAT target_type=call_site elapsed_min=91.6 files_done=79 resolved=4042 errors=4283 current=tests/base/test_data_collator.py
[2026-04-10T23:47:13Z] [iter=1] HEARTBEAT target_type=call_site elapsed_min=92.5 files_done=80 resolved=4054 errors=4328 current=sentence_transformers/sentence_transformer/losses/cosent.py
[2026-04-10T23:47:43Z] [iter=1] HEARTBEAT target_type=call_site elapsed_min=93.0 files_done=82 resolved=4066 errors=4353 current=sentence_transformers/base/modules/router.py
[2026-04-10T23:48:59Z] [iter=1] HEARTBEAT target_type=call_site elapsed_min=94.3 files_done=83 resolved=4130 errors=4416 current=tests/sentence_transformer/modules/test_pooling.py
[2026-04-10T23:50:26Z] [iter=1] HEARTBEAT target_type=call_site elapsed_min=95.8 files_done=84 resolved=4226 errors=4488 current=tests/base/modules/test_dense.py
[2026-04-10T23:51:00Z] [iter=1] HEARTBEAT target_type=call_site elapsed_min=96.3 files_done=85 resolved=4253 errors=4516 current=tests/sentence_transformer/test_model.py
[2026-04-10T23:55:28Z] [iter=1] HEARTBEAT target_type=call_site elapsed_min=100.8 files_done=86 resolved=4422 errors=4737 current=examples/sentence_transformer/training/other/training_batch_hard_trec.py
[2026-04-10T23:55:58Z] [iter=1] HEARTBEAT target_type=call_site elapsed_min=101.3 files_done=87 resolved=4444 errors=4762 current=examples/sentence_transformer/applications/embedding-quantization/semantic_search_faiss.py
[2026-04-10T23:56:51Z] [iter=1] HEARTBEAT target_type=call_site elapsed_min=102.2 files_done=89 resolved=4528 errors=4805 current=examples/sentence_transformer/training/quora_duplicate_questions/training_multiple_negatives_ranking_loss.py
[2026-04-10T23:57:37Z] [iter=1] HEARTBEAT target_type=call_site elapsed_min=102.9 files_done=91 resolved=4564 errors=4843 current=sentence_transformers/util/environment.py
[2026-04-10T23:58:16Z] [iter=1] HEARTBEAT target_type=call_site elapsed_min=103.6 files_done=93 resolved=4601 errors=4875 current=examples/sentence_transformer/training/data_augmentation/train_sts_qqp_crossdomain.py
[2026-04-10T23:59:00Z] [iter=1] HEARTBEAT target_type=call_site elapsed_min=104.3 files_done=94 resolved=4637 errors=4911 current=tests/sparse_encoder/test_trainer.py
[2026-04-10T23:59:53Z] [iter=1] HEARTBEAT target_type=call_site elapsed_min=105.2 files_done=95 resolved=4670 errors=4954 current=sentence_transformers/sentence_transformer/model_card.py
[2026-04-11T00:00:57Z] [iter=1] HEARTBEAT target_type=call_site elapsed_min=106.3 files_done=97 resolved=4705 errors=5007 current=sentence_transformers/sparse_encoder/search_engines.py
[2026-04-11T00:02:20Z] [iter=1] HEARTBEAT target_type=call_site elapsed_min=107.6 files_done=98 resolved=4832 errors=5074 current=sentence_transformers/sentence_transformer/modules/word_embeddings.py
[2026-04-11T00:03:01Z] [iter=1] HEARTBEAT target_type=call_site elapsed_min=108.3 files_done=99 resolved=4862 errors=5108 current=tests/base/modules/transformer/test_fill_mask.py
[2026-04-11T00:03:42Z] [iter=1] HEARTBEAT target_type=call_site elapsed_min=109.0 files_done=101 resolved=4896 errors=5141 current=examples/sentence_transformer/applications/parallel-sentence-mining/bitext_mining.py
[2026-04-11T00:04:27Z] [iter=1] HEARTBEAT target_type=call_site elapsed_min=109.8 files_done=102 resolved=4940 errors=5178 current=tests/sentence_transformer/evaluation/test_nanobeir_evaluator.py
[2026-04-11T00:07:24Z] [iter=1] HEARTBEAT target_type=call_site elapsed_min=112.7 files_done=104 resolved=4966 errors=5200 current=tests/conftest.py
[2026-04-11T00:10:49Z] [iter=1] HEARTBEAT target_type=call_site elapsed_min=116.1 files_done=106 resolved=5134 errors=5360 current=sentence_transformers/sentence_transformer/modules/tokenizer/whitespace.py
[2026-04-11T00:11:19Z] [iter=1] HEARTBEAT target_type=call_site elapsed_min=116.6 files_done=109 resolved=5164 errors=5385 current=sentence_transformers/sentence_transformer/losses/multiple_negatives_ranking.py
[2026-04-11T00:12:03Z] [iter=1] HEARTBEAT target_type=call_site elapsed_min=117.4 files_done=111 resolved=5216 errors=5421 current=examples/sentence_transformer/training/other/training_gooaq_infonce_gor.py
[2026-04-11T00:12:36Z] [iter=1] HEARTBEAT target_type=call_site elapsed_min=117.9 files_done=113 resolved=5241 errors=5448 current=examples/sparse_encoder/training/nli/train_splade_nli.py
[2026-04-11T00:13:41Z] [iter=1] HEARTBEAT target_type=call_site elapsed_min=119.0 files_done=116 resolved=5292 errors=5501 current=sentence_transformers/sentence_transformer/losses/online_contrastive.py
[2026-04-11T00:14:22Z] [iter=1] HEARTBEAT target_type=call_site elapsed_min=119.7 files_done=118 resolved=5311 errors=5535 current=examples/sentence_transformer/training/multilingual/make_multilingual.py
[2026-04-11T00:14:54Z] [iter=1] HEARTBEAT target_type=call_site elapsed_min=120.2 files_done=119 resolved=5339 errors=5561 current=sentence_transformers/sentence_transformer/losses/softmax.py
[2026-04-11T00:17:01Z] [iter=1] HEARTBEAT target_type=call_site elapsed_min=122.3 files_done=122 resolved=5437 errors=5665 current=examples/cross_encoder/training/rerankers/training_nq_bce.py
[2026-04-11T00:18:35Z] [iter=1] HEARTBEAT target_type=call_site elapsed_min=123.9 files_done=125 resolved=5457 errors=5742 current=sentence_transformers/sentence_transformer/losses/triplet.py
[2026-04-11T00:19:18Z] [iter=1] HEARTBEAT target_type=call_site elapsed_min=124.6 files_done=127 resolved=5473 errors=5777 current=sentence_transformers/sentence_transformer/modules/tokenizer/phrase.py
[2026-04-11T00:20:22Z] [iter=1] HEARTBEAT target_type=call_site elapsed_min=125.7 files_done=129 resolved=5533 errors=5830 current=examples/cross_encoder/training/distillation/train_cross_encoder_kd_margin_mse.py
[2026-04-11T00:21:07Z] [iter=1] HEARTBEAT target_type=call_site elapsed_min=126.4 files_done=131 resolved=5583 errors=5866 current=examples/sentence_transformer/training/distillation/dimensionality_reduction.py
[2026-04-11T00:21:55Z] [iter=1] HEARTBEAT target_type=call_site elapsed_min=127.2 files_done=134 resolved=5611 errors=5905 current=tests/base/modules/test_input_module.py
[2026-04-11T00:22:35Z] [iter=1] HEARTBEAT target_type=call_site elapsed_min=127.9 files_done=136 resolved=5661 errors=5938 current=tests/sentence_transformer/modules/test_static_embedding.py
[2026-04-11T00:23:39Z] [iter=1] HEARTBEAT target_type=call_site elapsed_min=129.0 files_done=138 resolved=5689 errors=5991 current=examples/sentence_transformer/training/ms_marco/train_margin_mse.py
[2026-04-11T00:24:28Z] [iter=1] HEARTBEAT target_type=call_site elapsed_min=129.8 files_done=140 resolved=5724 errors=6029 current=examples/sentence_transformer/training/ms_marco/train_bi_encoder_margin_mse.py
[2026-04-11T00:25:23Z] [iter=1] HEARTBEAT target_type=call_site elapsed_min=130.7 files_done=141 resolved=5781 errors=6075 current=examples/sentence_transformer/training/distillation/model_distillation.py
[2026-04-11T00:26:12Z] [iter=1] HEARTBEAT target_type=call_site elapsed_min=131.5 files_done=142 resolved=5799 errors=6115 current=sentence_transformers/sentence_transformer/evaluation/paraphrase_mining.py
[2026-04-11T00:26:43Z] [iter=1] HEARTBEAT target_type=call_site elapsed_min=132.0 files_done=143 resolved=5831 errors=6140 current=sentence_transformers/sparse_encoder/evaluation/reciprocal_rank_fusion.py
[2026-04-11T00:27:25Z] [iter=1] HEARTBEAT target_type=call_site elapsed_min=132.7 files_done=144 resolved=5900 errors=6175 current=sentence_transformers/sparse_encoder/evaluation/sparse_nano_beir.py
[2026-04-11T00:28:29Z] [iter=1] HEARTBEAT target_type=call_site elapsed_min=133.8 files_done=146 resolved=5950 errors=6228 current=examples/sentence_transformer/training/unsloth/training_medical_unsloth.py
[2026-04-11T00:29:06Z] [iter=1] HEARTBEAT target_type=call_site elapsed_min=134.4 files_done=148 resolved=5988 errors=6258 current=tests/cross_encoder/test_trainer.py
[2026-04-11T00:29:44Z] [iter=1] HEARTBEAT target_type=call_site elapsed_min=135.1 files_done=149 resolved=6011 errors=6290 current=sentence_transformers/sentence_transformer/losses/cosine_similarity.py
[2026-04-11T00:30:50Z] [iter=1] HEARTBEAT target_type=call_site elapsed_min=136.1 files_done=152 resolved=6036 errors=6344 current=sentence_transformers/cross_encoder/trainer.py
[2026-04-11T00:31:31Z] [iter=1] HEARTBEAT target_type=call_site elapsed_min=136.8 files_done=154 resolved=6059 errors=6376 current=sentence_transformers/cross_encoder/losses/multiple_negatives_ranking.py
[2026-04-11T00:32:31Z] [iter=1] HEARTBEAT target_type=call_site elapsed_min=137.8 files_done=156 resolved=6123 errors=6426 current=examples/sparse_encoder/evaluation/sparse_reranking_evaluator.py
[2026-04-11T00:33:11Z] [iter=1] HEARTBEAT target_type=call_site elapsed_min=138.5 files_done=161 resolved=6226 errors=6459 current=sentence_transformers/cross_encoder/losses/cross_entropy.py
[2026-04-11T00:34:19Z] [iter=1] HEARTBEAT target_type=call_site elapsed_min=139.6 files_done=164 resolved=6278 errors=6515 current=sentence_transformers/sparse_encoder/model_card.py
[2026-04-11T00:35:05Z] [iter=1] HEARTBEAT target_type=call_site elapsed_min=140.4 files_done=167 resolved=6341 errors=6553 current=sentence_transformers/sentence_transformer/modules/cnn.py
[2026-04-11T00:35:40Z] [iter=1] HEARTBEAT target_type=call_site elapsed_min=141.0 files_done=170 resolved=6374 errors=6582 current=examples/sentence_transformer/unsupervised_learning/MLM/train_mlm.py
[2026-04-11T00:36:49Z] [iter=1] HEARTBEAT target_type=call_site elapsed_min=142.1 files_done=171 resolved=6399 errors=6596 current=examples/sentence_transformer/training/nli/training_nli_angle.py
[2026-04-11T00:37:37Z] [iter=1] HEARTBEAT target_type=call_site elapsed_min=142.9 files_done=173 resolved=6435 errors=6636 current=sentence_transformers/sparse_encoder/modules/sparse_static_embedding.py
[2026-04-11T00:38:32Z] [iter=1] HEARTBEAT target_type=call_site elapsed_min=143.8 files_done=174 resolved=6454 errors=6656 current=examples/sentence_transformer/unsupervised_learning/SimCSE/train_stsb_simcse.py
[2026-04-11T00:39:14Z] [iter=1] HEARTBEAT target_type=call_site elapsed_min=144.5 files_done=176 resolved=6476 errors=6691 current=examples/cross_encoder/training/multimodal/training_doodles_any_to_any.py
[2026-04-11T00:40:01Z] [iter=1] HEARTBEAT target_type=call_site elapsed_min=145.3 files_done=177 resolved=6511 errors=6730 current=examples/sentence_transformer/training/unsloth/training_gooaq_unsloth.py
[2026-04-11T00:41:54Z] [iter=1] HEARTBEAT target_type=call_site elapsed_min=147.2 files_done=180 resolved=6600 errors=6798 current=examples/sentence_transformer/training/multilingual/get_parallel_data_opus.py
[2026-04-11T00:42:34Z] [iter=1] HEARTBEAT target_type=call_site elapsed_min=147.9 files_done=183 resolved=6626 errors=6831 current=examples/sentence_transformer/training/clip/training_clip_flickr8k_mlflow.py
[2026-04-11T00:43:08Z] [iter=1] HEARTBEAT target_type=call_site elapsed_min=148.4 files_done=185 resolved=6661 errors=6859 current=sentence_transformers/util/distributed.py
[2026-04-11T00:44:27Z] [iter=1] HEARTBEAT target_type=call_site elapsed_min=149.8 files_done=187 resolved=6686 errors=6875 current=tests/sentence_transformer/test_pretrained_stsb.py
[2026-04-11T00:45:01Z] [iter=1] HEARTBEAT target_type=call_site elapsed_min=150.3 files_done=188 resolved=6690 errors=6903 current=examples/sentence_transformer/unsupervised_learning/TSDAE/train_stsb_tsdae.py
[2026-04-11T00:45:37Z] [iter=1] HEARTBEAT target_type=call_site elapsed_min=150.9 files_done=190 resolved=6724 errors=6933 current=examples/sentence_transformer/training/matryoshka/matryoshka_eval_stsb.py
[2026-04-11T00:46:23Z] [iter=1] HEARTBEAT target_type=call_site elapsed_min=151.7 files_done=191 resolved=6754 errors=6971 current=examples/cross_encoder/training/ms_marco/training_ms_marco_lambda.py
[2026-04-11T00:46:59Z] [iter=1] HEARTBEAT target_type=call_site elapsed_min=152.3 files_done=193 resolved=6777 errors=7001 current=tests/sentence_transformer/test_compute_embeddings.py
[2026-04-11T00:47:33Z] [iter=1] HEARTBEAT target_type=call_site elapsed_min=152.9 files_done=195 resolved=6807 errors=7029 current=sentence_transformers/sentence_transformer/evaluation/mse_from_dataframe.py
[2026-04-11T00:48:12Z] [iter=1] HEARTBEAT target_type=call_site elapsed_min=153.5 files_done=197 resolved=6850 errors=7061 current=sentence_transformers/util/deprecated_import.py
[2026-04-11T00:49:57Z] [iter=1] HEARTBEAT target_type=call_site elapsed_min=155.3 files_done=200 resolved=6981 errors=7148 current=sentence_transformers/sparse_encoder/evaluation/sparse_embedding_similarity.py
[2026-04-11T00:50:57Z] [iter=1] HEARTBEAT target_type=call_site elapsed_min=156.3 files_done=202 resolved=7049 errors=7198 current=sentence_transformers/sparse_encoder/losses/csr.py
[2026-04-11T00:51:32Z] [iter=1] HEARTBEAT target_type=call_site elapsed_min=156.9 files_done=206 resolved=7094 errors=7227 current=tests/sentence_transformer/losses/test_matryoshka.py
[2026-04-11T00:52:11Z] [iter=1] HEARTBEAT target_type=call_site elapsed_min=157.5 files_done=208 resolved=7117 errors=7259 current=tests/sparse_encoder/test_pretrained.py
[2026-04-11T00:52:42Z] [iter=1] HEARTBEAT target_type=call_site elapsed_min=158.0 files_done=210 resolved=7163 errors=7284 current=examples/sentence_transformer/training/quora_duplicate_questions/training_multi_task_learning.py
[2026-04-11T00:53:26Z] [iter=1] HEARTBEAT target_type=call_site elapsed_min=158.7 files_done=212 resolved=7195 errors=7320 current=examples/sentence_transformer/training/peft/training_gooaq_lora.py
[2026-04-11T00:54:15Z] [iter=1] HEARTBEAT target_type=call_site elapsed_min=159.6 files_done=214 resolved=7217 errors=7360 current=examples/sparse_encoder/applications/retrieve_rerank/hybrid_search.py
[2026-04-11T00:56:08Z] [iter=1] HEARTBEAT target_type=call_site elapsed_min=161.4 files_done=215 resolved=7245 errors=7454 current=sentence_transformers/cross_encoder/losses/mse.py
[2026-04-11T00:57:13Z] [iter=1] HEARTBEAT target_type=call_site elapsed_min=162.5 files_done=217 resolved=7285 errors=7499 current=examples/sparse_encoder/training/sts/train_splade_stsbenchmark.py
[2026-04-11T00:57:57Z] [iter=1] HEARTBEAT target_type=call_site elapsed_min=163.3 files_done=220 resolved=7331 errors=7535 current=sentence_transformers/backend/optimize.py
[2026-04-11T00:58:47Z] [iter=1] HEARTBEAT target_type=call_site elapsed_min=164.1 files_done=223 resolved=7369 errors=7576 current=sentence_transformers/sentence_transformer/losses/contrastive.py
[2026-04-11T00:59:24Z] [iter=1] HEARTBEAT target_type=call_site elapsed_min=164.7 files_done=226 resolved=7405 errors=7607 current=sentence_transformers/base/evaluation/evaluator.py
[2026-04-11T01:00:09Z] [iter=1] HEARTBEAT target_type=call_site elapsed_min=165.5 files_done=229 resolved=7433 errors=7644 current=examples/sentence_transformer/unsupervised_learning/CT/train_stsb_ct.py
[2026-04-11T01:00:50Z] [iter=1] HEARTBEAT target_type=call_site elapsed_min=166.2 files_done=231 resolved=7458 errors=7678 current=examples/sentence_transformer/training/other/training_multi_task.py
[2026-04-11T01:01:22Z] [iter=1] HEARTBEAT target_type=call_site elapsed_min=166.7 files_done=233 resolved=7471 errors=7704 current=tests/sentence_transformer/evaluation/test_paraphrase_mining_evaluator.py
[2026-04-11T01:02:02Z] [iter=1] HEARTBEAT target_type=call_site elapsed_min=167.3 files_done=237 resolved=7507 errors=7737 current=examples/sentence_transformer/applications/semantic-search/semantic_search_quora_faiss.py
[2026-04-11T01:02:37Z] [iter=1] HEARTBEAT target_type=call_site elapsed_min=167.9 files_done=239 resolved=7556 errors=7766 current=sentence_transformers/sparse_encoder/evaluation/sparse_translation.py
[2026-04-11T01:03:09Z] [iter=1] HEARTBEAT target_type=call_site elapsed_min=168.5 files_done=241 resolved=7589 errors=7792 current=sentence_transformers/sentence_transformer/losses/matryoshka.py
[2026-04-11T01:03:55Z] [iter=1] HEARTBEAT target_type=call_site elapsed_min=169.2 files_done=243 resolved=7632 errors=7830 current=examples/sentence_transformer/training/data_augmentation/train_sts_indomain_nlpaug.py
[2026-04-11T01:04:25Z] [iter=1] HEARTBEAT target_type=call_site elapsed_min=169.7 files_done=245 resolved=7651 errors=7855 current=examples/sentence_transformer/training/multimodal/training_visual_document_retrieval.py
[2026-04-11T01:05:00Z] [iter=1] HEARTBEAT target_type=call_site elapsed_min=170.3 files_done=247 resolved=7694 errors=7884 current=sentence_transformers/sparse_encoder/evaluation/sparse_triplet.py
[2026-04-11T01:05:36Z] [iter=1] HEARTBEAT target_type=call_site elapsed_min=170.9 files_done=249 resolved=7722 errors=7914 current=examples/sentence_transformer/applications/parallel-sentence-mining/bitext_mining_utils.py
[2026-04-11T01:06:14Z] [iter=1] HEARTBEAT target_type=call_site elapsed_min=171.5 files_done=252 resolved=7747 errors=7945 current=examples/sparse_encoder/training/retrievers/train_splade_nq.py
[2026-04-11T01:06:53Z] [iter=1] HEARTBEAT target_type=call_site elapsed_min=172.2 files_done=254 resolved=7764 errors=7977 current=examples/sparse_encoder/applications/semantic_search/semantic_search_elasticsearch.py
[2026-04-11T01:07:23Z] [iter=1] HEARTBEAT target_type=call_site elapsed_min=172.7 files_done=258 resolved=7819 errors=8002 current=examples/cross_encoder/training/multimodal/training_doodles_feature_extraction.py
[2026-04-11T01:08:16Z] [iter=1] HEARTBEAT target_type=call_site elapsed_min=173.6 files_done=259 resolved=7855 errors=8045 current=examples/cross_encoder/training/rerankers/training_gooaq_lambda.py
[2026-04-11T01:08:55Z] [iter=1] HEARTBEAT target_type=call_site elapsed_min=174.2 files_done=262 resolved=7886 errors=8077 current=sentence_transformers/sentence_transformer/losses/gist_embed.py
[2026-04-11T01:09:37Z] [iter=1] HEARTBEAT target_type=call_site elapsed_min=174.9 files_done=263 resolved=7910 errors=8111 current=sentence_transformers/sentence_transformer/losses/adaptive_layer.py
[2026-04-11T01:10:46Z] [iter=1] HEARTBEAT target_type=call_site elapsed_min=176.1 files_done=267 resolved=7996 errors=8168 current=tests/cross_encoder/conftest.py
[2026-04-11T01:11:20Z] [iter=1] HEARTBEAT target_type=call_site elapsed_min=176.6 files_done=273 resolved=8087 errors=8196 current=examples/sentence_transformer/training/ms_marco/train_kldiv.py
[2026-04-11T01:12:37Z] [iter=1] HEARTBEAT target_type=call_site elapsed_min=177.9 files_done=276 resolved=8121 errors=8220 current=examples/sparse_encoder/applications/semantic_search/semantic_search_manual.py
[2026-04-11T01:13:13Z] [iter=1] HEARTBEAT target_type=call_site elapsed_min=178.5 files_done=278 resolved=8138 errors=8242 current=tests/util/test_environment.py
[2026-04-11T01:14:15Z] [iter=1] HEARTBEAT target_type=call_site elapsed_min=179.6 files_done=279 resolved=8143 errors=8252 current=examples/cross_encoder/training/nli/training_nli.py
[2026-04-11T01:14:48Z] [iter=1] HEARTBEAT target_type=call_site elapsed_min=180.1 files_done=281 resolved=8189 errors=8279 current=examples/sparse_encoder/training/retrievers/train_csr_nq.py
[2026-04-11T01:15:20Z] [iter=1] HEARTBEAT target_type=call_site elapsed_min=180.7 files_done=284 resolved=8215 errors=8306 current=examples/sentence_transformer/training/matryoshka/matryoshka_nli.py
[2026-04-11T01:15:52Z] [iter=1] HEARTBEAT target_type=call_site elapsed_min=181.2 files_done=287 resolved=8240 errors=8332 current=examples/sentence_transformer/applications/semantic-search/semantic_search_quora_annoy.py
[2026-04-11T01:16:24Z] [iter=1] HEARTBEAT target_type=call_site elapsed_min=181.7 files_done=289 resolved=8304 errors=8358 current=sentence_transformers/util/misc.py
[2026-04-11T01:17:06Z] [iter=1] HEARTBEAT target_type=call_site elapsed_min=182.4 files_done=293 resolved=8347 errors=8393 current=examples/sparse_encoder/applications/semantic_search/semantic_search_qdrant.py
[2026-04-11T01:17:51Z] [iter=1] HEARTBEAT target_type=call_site elapsed_min=183.2 files_done=296 resolved=8389 errors=8430 current=examples/sentence_transformer/training/prompts/training_nq_prompts.py
[2026-04-11T01:18:25Z] [iter=1] HEARTBEAT target_type=call_site elapsed_min=183.7 files_done=298 resolved=8408 errors=8458 current=examples/sentence_transformer/applications/embedding-quantization/semantic_search_usearch_benchmark.py
[2026-04-11T01:19:05Z] [iter=1] HEARTBEAT target_type=call_site elapsed_min=184.4 files_done=301 resolved=8438 errors=8491 current=examples/cross_encoder/training/ms_marco/training_ms_marco_lambda_hard_neg.py
[2026-04-11T01:19:40Z] [iter=1] HEARTBEAT target_type=call_site elapsed_min=185.0 files_done=303 resolved=8490 errors=8520 current=sentence_transformers/backend/quantize.py
[2026-04-11T01:20:10Z] [iter=1] HEARTBEAT target_type=call_site elapsed_min=185.5 files_done=305 resolved=8514 errors=8545 current=examples/sentence_transformer/training/avg_word_embeddings/training_stsbenchmark_bilstm.py
[2026-04-11T01:20:40Z] [iter=1] HEARTBEAT target_type=call_site elapsed_min=186.0 files_done=307 resolved=8529 errors=8570 current=sentence_transformers/sentence_transformer/evaluation/mse.py
[2026-04-11T01:21:20Z] [iter=1] HEARTBEAT target_type=call_site elapsed_min=186.7 files_done=311 resolved=8563 errors=8603 current=examples/sentence_transformer/training/avg_word_embeddings/training_stsbenchmark_avg_word_embeddings.py
[2026-04-11T01:22:11Z] [iter=1] HEARTBEAT target_type=call_site elapsed_min=187.5 files_done=314 resolved=8574 errors=8645 current=sentence_transformers/sparse_encoder/losses/sparse_cosent.py
[2026-04-11T01:22:42Z] [iter=1] HEARTBEAT target_type=call_site elapsed_min=188.0 files_done=317 resolved=8604 errors=8671 current=examples/sentence_transformer/training/hpo/hpo_nli.py
[2026-04-11T01:23:28Z] [iter=1] HEARTBEAT target_type=call_site elapsed_min=188.8 files_done=320 resolved=8616 errors=8709 current=tests/base/samplers/test_round_robin_batch_sampler.py
[2026-04-11T01:24:19Z] [iter=1] HEARTBEAT target_type=call_site elapsed_min=189.6 files_done=323 resolved=8658 errors=8751 current=examples/cross_encoder/training/ms_marco/training_ms_marco_listnet.py
[2026-04-11T01:25:03Z] [iter=1] HEARTBEAT target_type=call_site elapsed_min=190.4 files_done=326 resolved=8688 errors=8787 current=examples/sentence_transformer/training/avg_word_embeddings/training_stsbenchmark_tf_idf_word_embeddings.py
[2026-04-11T01:25:36Z] [iter=1] HEARTBEAT target_type=call_site elapsed_min=190.9 files_done=329 resolved=8703 errors=8814 current=sentence_transformers/sparse_encoder/callbacks/splade_callbacks.py
[2026-04-11T01:26:11Z] [iter=1] HEARTBEAT target_type=call_site elapsed_min=191.5 files_done=333 resolved=8728 errors=8843 current=examples/sentence_transformer/evaluation/evaluation_inference_speed.py
[2026-04-11T01:26:47Z] [iter=1] HEARTBEAT target_type=call_site elapsed_min=192.1 files_done=339 resolved=8771 errors=8873 current=examples/sparse_encoder/evaluation/sparse_classification_evaluator.py
[2026-04-11T01:27:17Z] [iter=1] HEARTBEAT target_type=call_site elapsed_min=192.6 files_done=345 resolved=8806 errors=8898 current=examples/sentence_transformer/applications/computing-embeddings/computing_embeddings.py
[2026-04-11T01:27:53Z] [iter=1] HEARTBEAT target_type=call_site elapsed_min=193.2 files_done=350 resolved=8824 errors=8928 current=sentence_transformers/sentence_transformer/modules/clip_model.py
[2026-04-11T01:28:28Z] [iter=1] HEARTBEAT target_type=call_site elapsed_min=193.8 files_done=354 resolved=8863 errors=8957 current=examples/sentence_transformer/training/sts/training_stsbenchmark.py
[2026-04-11T01:29:00Z] [iter=1] HEARTBEAT target_type=call_site elapsed_min=194.3 files_done=356 resolved=8874 errors=8983 current=tests/sentence_transformer/losses/test_triplet.py
[2026-04-11T01:30:04Z] [iter=1] HEARTBEAT target_type=call_site elapsed_min=195.4 files_done=366 resolved=8906 errors=9009 current=examples/sentence_transformer/applications/clustering/kmeans.py
[2026-04-11T01:30:35Z] [iter=1] HEARTBEAT target_type=call_site elapsed_min=195.9 files_done=372 resolved=8932 errors=9035 current=examples/sparse_encoder/evaluation/sparse_triplet_evaluator.py
[2026-04-11T01:33:18Z] [iter=1] Target type resolved target_type=call_site resolved=8967 errors=9168 secs=11846 mem_mb=1032 MB
[2026-04-11T01:33:18Z] [iter=1] Resolving target type target_type=import_statement count=3054
[2026-04-11T01:33:18Z] [iter=1] HEARTBEAT target_type=import_statement elapsed_min=198.6 files_done=0 resolved=0 errors=0 current=sentence_transformers/__init__.py
[2026-04-11T01:33:31Z] [iter=1] Target type resolved target_type=import_statement resolved=2732 errors=0 secs=14 mem_mb=1032 MB
[2026-04-11T01:33:31Z] [iter=1] Resolving target type target_type=extends_clause count=164
[2026-04-11T01:33:35Z] [iter=1] Target type resolved target_type=extends_clause resolved=164 errors=0 secs=3 mem_mb=1032 MB
[2026-04-11T01:40:12Z] [iter=1] Step 5: Writing final enrichment file triples=207753
[2026-04-11T01:40:16Z] [iter=1] Enrichment file written path=/home/runner/work/forx/forx/storage/aggregate/lsp/fe9361218c10b2ee18f497d73863788a6b592210.nq.gz size_kb=5693
[2026-04-11T01:40:16Z] [iter=1] PHASE END: enrich elapsed_s=12335 elapsed_min=205.6 total_triples=207753
